#! /usr/bin/vvp
:ivl_version "0.9.7 " "(v0_9_7)";
:vpi_time_precision + 0;
:vpi_module "system";
:vpi_module "v2005_math";
:vpi_module "va_math";
S_0xcc2b60 .scope module, "array2d" "array2d" 2 1;
 .timescale 0 0;
v0xcd6120_0 .var "it", 4 0;
v0xcf7870 .array "results", 0 7;
v0xcf7870_0 .net v0xcf7870 0, 31 0, C4<00000000000000000000000000000000>; 1 drivers
v0xcf7870_1 .net v0xcf7870 1, 31 0, C4<00000000000000000000000000000001>; 1 drivers
v0xcf7870_2 .net v0xcf7870 2, 31 0, C4<00000000000000000000000000000010>; 1 drivers
v0xcf7870_3 .net v0xcf7870 3, 31 0, C4<00000000000000000000000000000011>; 1 drivers
v0xcf7870_4 .net v0xcf7870 4, 31 0, C4<00000000000000000000000000000100>; 1 drivers
v0xcf7870_5 .net v0xcf7870 5, 31 0, C4<00000000000000000000000000000101>; 1 drivers
v0xcf7870_6 .net v0xcf7870 6, 31 0, C4<00000000000000000000000000000110>; 1 drivers
v0xcf7870_7 .net v0xcf7870 7, 31 0, C4<00000000000000000000000000000111>; 1 drivers
S_0xcd5f90 .scope generate, "testarr2d[0]" "testarr2d[0]" 2 10, 2 10, S_0xcc2b60;
 .timescale 0 0;
P_0xcd6088 .param/l "i" 2 10, +C4<00>;
S_0xcd5e20 .scope generate, "testarr2d[1]" "testarr2d[1]" 2 10, 2 10, S_0xcc2b60;
 .timescale 0 0;
P_0xcd5f18 .param/l "i" 2 10, +C4<01>;
S_0xcd5cb0 .scope generate, "testarr2d[2]" "testarr2d[2]" 2 10, 2 10, S_0xcc2b60;
 .timescale 0 0;
P_0xcd5da8 .param/l "i" 2 10, +C4<010>;
S_0xcc4c70 .scope generate, "testarr2d[3]" "testarr2d[3]" 2 10, 2 10, S_0xcc2b60;
 .timescale 0 0;
P_0xcc47e8 .param/l "i" 2 10, +C4<011>;
S_0xcc44e0 .scope generate, "testarr2d[4]" "testarr2d[4]" 2 10, 2 10, S_0xcc2b60;
 .timescale 0 0;
P_0xce5748 .param/l "i" 2 10, +C4<0100>;
S_0xcc4160 .scope generate, "testarr2d[5]" "testarr2d[5]" 2 10, 2 10, S_0xcc2b60;
 .timescale 0 0;
P_0xce5498 .param/l "i" 2 10, +C4<0101>;
S_0xcc39d0 .scope generate, "testarr2d[6]" "testarr2d[6]" 2 10, 2 10, S_0xcc2b60;
 .timescale 0 0;
P_0xcc3da8 .param/l "i" 2 10, +C4<0110>;
S_0xcc3650 .scope generate, "testarr2d[7]" "testarr2d[7]" 2 10, 2 10, S_0xcc2b60;
 .timescale 0 0;
P_0xcc1378 .param/l "i" 2 10, +C4<0111>;
    .scope S_0xcc2b60;
T_0 ;
    %set/v v0xcd6120_0, 0, 5;
T_0.0 ;
    %load/v 8, v0xcd6120_0, 5;
    %mov 13, 0, 1;
   %cmpi/u 8, 8, 6;
    %jmp/0xz T_0.1, 5;
    %vpi_call 2 18 "$display", "results[%d] : %b", v0xcd6120_0, &A<v0xcf7870, v0xcd6120_0 >;
    %load/v 8, v0xcd6120_0, 5;
    %mov 13, 0, 27;
    %addi 8, 1, 32;
    %set/v v0xcd6120_0, 8, 5;
    %jmp T_0.0;
T_0.1 ;
    %end;
    .thread T_0;
# The file index is used to find the file name in the following table.
:file_names 3;
    "N/A";
    "<interactive>";
    "array2d.v";
